<?xml version="1.0" encoding="UTF-8"?>
<!-- Generated by org.testng.reporters.JUnitReportReporter -->
<testsuite skipped="1" hostname="logesh" name="contactListApi.NegativeTest" tests="5" failures="0" timestamp="21 Sep 2021 09:28:18 GMT" time="3.837" errors="0">
  <testcase name="getcontact" time="0.579" classname="contactListApi.NegativeTest"/>
  <testcase name="addContactwithwrongparameter" time="0.544" classname="contactListApi.NegativeTest"/>
  <testcase name="addContactwithinvalidchar" time="2.178" classname="contactListApi.NegativeTest"/>
  <testcase name="addContactwithmoresize" time="0.536" classname="contactListApi.NegativeTest"/>
  <testcase name="addContactwithmissingemailid" classname="contactListApi.NegativeTest">
    <skipped/>
  </testcase> <!-- addContactwithmissingemailid -->
</testsuite> <!-- contactListApi.NegativeTest -->
