<?xml version="1.0" encoding="UTF-8"?>
<!-- Generated by org.testng.reporters.JUnitReportReporter -->
<testsuite skipped="1" hostname="logesh" name="contactListApi.PositiveTests" tests="5" failures="0" timestamp="21 Sep 2021 12:39:11 GMT" time="3.806" errors="0">
  <testcase name="deletecontact" time="0.537" classname="contactListApi.PositiveTests"/>
  <testcase name="getcontact" time="0.599" classname="contactListApi.PositiveTests"/>
  <testcase name="addContact" time="2.101" classname="contactListApi.PositiveTests"/>
  <testcase name="putcontact" time="0.569" classname="contactListApi.PositiveTests"/>
  <testcase name="gettingAllContact" classname="contactListApi.PositiveTests">
    <skipped/>
  </testcase> <!-- gettingAllContact -->
</testsuite> <!-- contactListApi.PositiveTests -->
