<?xml version="1.0" encoding="UTF-8"?>
<!-- Generated by org.testng.reporters.JUnitReportReporter -->
<testsuite skipped="1" hostname="logesh" name="github.GitHubExample" tests="2" failures="0" timestamp="21 Sep 2021 11:48:14 GMT" time="2.376" errors="0">
  <testcase name="createRepository" time="2.376" classname="github.GitHubExample"/>
  <testcase name="getAllRepository" classname="github.GitHubExample">
    <skipped/>
  </testcase> <!-- getAllRepository -->
</testsuite> <!-- github.GitHubExample -->
