<?xml version="1.0" encoding="UTF-8"?>
<!-- Generated by org.testng.reporters.JUnitReportReporter -->
<testsuite skipped="3" hostname="logesh" name="weatherAPI.WeatherAPICalls" tests="4" failures="0" timestamp="21 Sep 2021 10:20:33 GMT" time="2.217" errors="0">
  <testcase name="gettingweatherinfo4" time="2.217" classname="weatherAPI.WeatherAPICalls"/>
  <testcase name="gettingweatherinfo2" classname="weatherAPI.WeatherAPICalls">
    <skipped/>
  </testcase> <!-- gettingweatherinfo2 -->
  <testcase name="gettingweatherinfo3" classname="weatherAPI.WeatherAPICalls">
    <skipped/>
  </testcase> <!-- gettingweatherinfo3 -->
  <testcase name="gettingweatherinfo" classname="weatherAPI.WeatherAPICalls">
    <skipped/>
  </testcase> <!-- gettingweatherinfo -->
</testsuite> <!-- weatherAPI.WeatherAPICalls -->
